# JRE version: OpenJDK Runtime Environment (11.0.10) (build 11.0.10+0-b96-7249189)
# Java VM: OpenJDK 64-Bit Server VM (11.0.10+0-b96-7249189, mixed mode, tiered, compressed oops, g1 gc, windows-amd64)
Heap:
 garbage-first heap   total 765952K, used 287386K [0x0000000080000000, 0x0000000100000000)
  region size 1024K, 3 young (3072K), 3 survivors (3072K)
 Metaspace       used 172026K, capacity 177283K, committed 177612K, reserved 1202176K
  class space    used 22222K, capacity 24138K, committed 24268K, reserved 1048576K
GC Heap History (20 events):
Event: 2650.202 GC heap after
{Heap after GC invocations=191 (full 0):
 garbage-first heap   total 333824K, used 221060K [0x0000000080000000, 0x0000000100000000)
  region size 1024K, 4 young (4096K), 4 survivors (4096K)
 Metaspace       used 168013K, capacity 173047K, committed 173900K, reserved 1200128K
  class space    used 21747K, capacity 23538K, committed 23884K, reserved 1048576K
}
Event: 2651.919 GC heap before
{Heap before GC invocations=192 (full 0):
 garbage-first heap   total 333824K, used 258948K [0x0000000080000000, 0x0000000100000000)
  region size 1024K, 42 young (43008K), 4 survivors (4096K)
 Metaspace       used 170361K, capacity 175535K, committed 175948K, reserved 1202176K
  class space    used 22089K, capacity 23969K, committed 24140K, reserved 1048576K
}
Event: 2651.953 GC heap after
{Heap after GC invocations=193 (full 0):
 garbage-first heap   total 333824K, used 224264K [0x0000000080000000, 0x0000000100000000)
  region size 1024K, 3 young (3072K), 3 survivors (3072K)
 Metaspace       used 170361K, capacity 175535K, committed 175948K, reserved 1202176K
  class space    used 22089K, capacity 23969K, committed 24140K, reserved 1048576K
}
Event: 2652.198 GC heap before
{Heap before GC invocations=193 (full 0):
 garbage-first heap   total 333824K, used 237576K [0x0000000080000000, 0x0000000100000000)
  region size 1024K, 16 young (16384K), 3 survivors (3072K)
 Metaspace       used 170786K, capacity 176014K, committed 176332K, reserved 1202176K
  class space    used 22170K, capacity 24041K, committed 24268K, reserved 1048576K
}
Event: 2652.269 GC heap after
{Heap after GC invocations=194 (full 0):
 garbage-first heap   total 333824K, used 223560K [0x0000000080000000, 0x0000000100000000)
  region size 1024K, 2 young (2048K), 2 survivors (2048K)
 Metaspace       used 170786K, capacity 176014K, committed 176332K, reserved 1202176K
  class space    used 22170K, capacity 24041K, committed 24268K, reserved 1048576K
}
Event: 2652.537 GC heap before
{Heap before GC invocations=194 (full 0):
 garbage-first heap   total 333824K, used 262472K [0x0000000080000000, 0x0000000100000000)
  region size 1024K, 41 young (41984K), 2 survivors (2048K)
 Metaspace       used 171147K, capacity 176398K, committed 176588K, reserved 1202176K
  class space    used 22199K, capacity 24125K, committed 24268K, reserved 1048576K
}
Event: 2652.573 GC heap after
{Heap after GC invocations=195 (full 0):
 garbage-first heap   total 333824K, used 237054K [0x0000000080000000, 0x0000000100000000)
  region size 1024K, 6 young (6144K), 6 survivors (6144K)
 Metaspace       used 171147K, capacity 176398K, committed 176588K, reserved 1202176K
  class space    used 22199K, capacity 24125K, committed 24268K, reserved 1048576K
}
Event: 2653.010 GC heap before
{Heap before GC invocations=195 (full 0):
 garbage-first heap   total 333824K, used 270846K [0x0000000080000000, 0x0000000100000000)
  region size 1024K, 39 young (39936K), 6 survivors (6144K)
 Metaspace       used 171294K, capacity 176544K, committed 176844K, reserved 1202176K
  class space    used 22201K, capacity 24126K, committed 24268K, reserved 1048576K
}
Event: 2653.060 GC heap after
{Heap after GC invocations=196 (full 0):
 garbage-first heap   total 333824K, used 252575K [0x0000000080000000, 0x0000000100000000)
  region size 1024K, 5 young (5120K), 5 survivors (5120K)
 Metaspace       used 171294K, capacity 176544K, committed 176844K, reserved 1202176K
  class space    used 22201K, capacity 24126K, committed 24268K, reserved 1048576K
}
Event: 2654.271 GC heap before
{Heap before GC invocations=196 (full 0):
 garbage-first heap   total 333824K, used 276127K [0x0000000080000000, 0x0000000100000000)
  region size 1024K, 30 young (30720K), 5 survivors (5120K)
 Metaspace       used 171173K, capacity 176420K, committed 176844K, reserved 1202176K
  class space    used 22150K, capacity 24038K, committed 24268K, reserved 1048576K
}
Event: 2654.311 GC heap after
{Heap after GC invocations=197 (full 0):
 garbage-first heap   total 432128K, used 265822K [0x0000000080000000, 0x0000000100000000)
  region size 1024K, 4 young (4096K), 4 survivors (4096K)
 Metaspace       used 171173K, capacity 176420K, committed 176844K, reserved 1202176K
  class space    used 22150K, capacity 24038K, committed 24268K, reserved 1048576K
}
Event: 2654.848 GC heap before
{Heap before GC invocations=198 (full 0):
 garbage-first heap   total 432128K, used 320094K [0x0000000080000000, 0x0000000100000000)
  region size 1024K, 58 young (59392K), 4 survivors (4096K)
 Metaspace       used 171261K, capacity 176503K, committed 177100K, reserved 1202176K
  class space    used 22154K, capacity 24045K, committed 24268K, reserved 1048576K
}
Event: 2654.993 GC heap after
{Heap after GC invocations=199 (full 0):
 garbage-first heap   total 432128K, used 288768K [0x0000000080000000, 0x0000000100000000)
  region size 1024K, 8 young (8192K), 8 survivors (8192K)
 Metaspace       used 171261K, capacity 176503K, committed 177100K, reserved 1202176K
  class space    used 22154K, capacity 24045K, committed 24268K, reserved 1048576K
}
Event: 2655.148 GC heap before
{Heap before GC invocations=199 (full 0):
 garbage-first heap   total 432128K, used 301056K [0x0000000080000000, 0x0000000100000000)
  region size 1024K, 21 young (21504K), 8 survivors (8192K)
 Metaspace       used 171307K, capacity 176503K, committed 177100K, reserved 1202176K
  class space    used 22154K, capacity 24045K, committed 24268K, reserved 1048576K
}
Event: 2655.234 GC heap after
{Heap after GC invocations=200 (full 0):
 garbage-first heap   total 432128K, used 294912K [0x0000000080000000, 0x0000000100000000)
  region size 1024K, 3 young (3072K), 3 survivors (3072K)
 Metaspace       used 171307K, capacity 176503K, committed 177100K, reserved 1202176K
  class space    used 22154K, capacity 24045K, committed 24268K, reserved 1048576K
}
Event: 2656.019 GC heap before
{Heap before GC invocations=200 (full 0):
 garbage-first heap   total 432128K, used 337920K [0x0000000080000000, 0x0000000100000000)
  region size 1024K, 46 young (47104K), 3 survivors (3072K)
 Metaspace       used 171679K, capacity 176900K, committed 177356K, reserved 1202176K
  class space    used 22171K, capacity 24061K, committed 24268K, reserved 1048576K
}
Event: 2656.040 GC heap after
{Heap after GC invocations=201 (full 0):
 garbage-first heap   total 432128K, used 306019K [0x0000000080000000, 0x0000000100000000)
  region size 1024K, 6 young (6144K), 6 survivors (6144K)
 Metaspace       used 171679K, capacity 176900K, committed 177356K, reserved 1202176K
  class space    used 22171K, capacity 24061K, committed 24268K, reserved 1048576K
}
Event: 2657.630 GC heap before
{Heap before GC invocations=202 (full 0):
 garbage-first heap   total 432128K, used 334691K [0x0000000080000000, 0x0000000100000000)
  region size 1024K, 47 young (48128K), 6 survivors (6144K)
 Metaspace       used 171983K, capacity 177264K, committed 177612K, reserved 1202176K
  class space    used 22218K, capacity 24134K, committed 24268K, reserved 1048576K
}
Event: 2657.709 GC heap after
{Heap after GC invocations=203 (full 0):
 garbage-first heap   total 432128K, used 299181K [0x0000000080000000, 0x0000000100000000)
  region size 1024K, 6 young (6144K), 6 survivors (6144K)
 Metaspace       used 171983K, capacity 177264K, committed 177612K, reserved 1202176K
  class space    used 22218K, capacity 24134K, committed 24268K, reserved 1048576K
}
Event: 2658.369 GC heap before
{Heap before GC invocations=203 (full 0):
 garbage-first heap   total 432128K, used 314541K [0x0000000080000000, 0x0000000100000000)
  region size 1024K, 21 young (21504K), 6 survivors (6144K)
 Metaspace       used 172026K, capacity 177283K, committed 177612K, reserved 1202176K
  class space    used 22222K, capacity 24138K, committed 24268K, reserved 1048576K
}

